<?xml version="1.0" encoding="UTF-8"?>
<testng-results skipped="0" failed="0" ignored="0" total="1" passed="1">
  <reporter-output>
  </reporter-output>
  <suite name="Default suite" duration-ms="1890" started-at="2022-05-12T14:53:56Z" finished-at="2022-05-12T14:53:58Z">
    <groups>
    </groups>
    <test name="Default test" duration-ms="1890" started-at="2022-05-12T14:53:56Z" finished-at="2022-05-12T14:53:58Z">
      <class name="restApi.DeleteEmp">
        <test-method status="PASS" signature="deleteEmp()[pri:0, instance:restApi.DeleteEmp@159f197]" name="deleteEmp" duration-ms="1859" started-at="2022-05-12T14:53:56Z" finished-at="2022-05-12T14:53:58Z">
          <reporter-output>
          </reporter-output>
        </test-method> <!-- deleteEmp -->
      </class> <!-- restApi.DeleteEmp -->
    </test> <!-- Default test -->
  </suite> <!-- Default suite -->
</testng-results>
